
> frontend@0.1.0 dev
> next dev

   ▲ Next.js 16.0.0 (Turbopack)
   - Local:        http://localhost:3000
   - Network:      http://194.233.68.191:3000
   - Environments: .env.local

 ✓ Starting...
 ⚠ The "middleware" file convention is deprecated. Please use "proxy" instead. Learn more: https://nextjs.org/docs/messages/middleware-to-proxy
 ✓ Ready in 7.1s
 ○ Compiling /login ...
 GET /login 200 in 10.1s (compile: 9.7s, render: 444ms)
 ⚠ Cross origin request detected from luckyway.dev to /_next/* resource. In a future major version of Next.js, you will need to explicitly configure "allowedDevOrigins" in next.config to allow this.
Read more: https://nextjs.org/docs/app/api-reference/config/next-config-js/allowedDevOrigins
 GET /_next/webpack-hmr?id=IWRRPslMzF0z2a7KgiyqK 404 in 2.4s (compile: 2.3s, render: 149ms)
 GET /_next/webpack-hmr?id=IWRRPslMzF0z2a7KgiyqK 404 in 164ms (compile: 33ms, render: 132ms)
 GET /_next/webpack-hmr?id=IWRRPslMzF0z2a7KgiyqK 404 in 120ms (compile: 16ms, render: 104ms)
 GET /_next/webpack-hmr?id=IWRRPslMzF0z2a7KgiyqK 404 in 165ms (compile: 62ms, render: 103ms)
 GET /_next/webpack-hmr?id=IWRRPslMzF0z2a7KgiyqK 404 in 144ms (compile: 13ms, render: 131ms)
 GET /_next/webpack-hmr?id=IWRRPslMzF0z2a7KgiyqK 404 in 109ms (compile: 19ms, render: 91ms)
 GET /_next/webpack-hmr?id=IWRRPslMzF0z2a7KgiyqK 404 in 166ms (compile: 13ms, render: 153ms)
 GET /_next/webpack-hmr?id=IWRRPslMzF0z2a7KgiyqK 404 in 123ms (compile: 22ms, render: 101ms)
 GET /_next/webpack-hmr?id=IWRRPslMzF0z2a7KgiyqK 404 in 116ms (compile: 10ms, render: 106ms)
 GET /_next/webpack-hmr?id=IWRRPslMzF0z2a7KgiyqK 404 in 89ms (compile: 10ms, render: 79ms)
 GET /_next/webpack-hmr?id=IWRRPslMzF0z2a7KgiyqK 404 in 317ms (compile: 31ms, render: 286ms)
 GET /_next/webpack-hmr?id=IWRRPslMzF0z2a7KgiyqK 404 in 155ms (compile: 14ms, render: 141ms)
 GET /_next/webpack-hmr?id=IWRRPslMzF0z2a7KgiyqK 404 in 359ms (compile: 107ms, render: 252ms)
 GET /login 200 in 302ms (compile: 10ms, render: 292ms)
 GET /_next/webpack-hmr?id=Y3u-m_9O6YBH6ARA24dMx 404 in 391ms (compile: 234ms, render: 157ms)
 GET /_next/webpack-hmr?id=Y3u-m_9O6YBH6ARA24dMx 404 in 102ms (compile: 14ms, render: 88ms)
 GET /_next/webpack-hmr?id=Y3u-m_9O6YBH6ARA24dMx 404 in 169ms (compile: 7ms, render: 162ms)
 GET /_next/webpack-hmr?id=Y3u-m_9O6YBH6ARA24dMx 404 in 89ms (compile: 13ms, render: 76ms)
 GET /_next/webpack-hmr?id=Y3u-m_9O6YBH6ARA24dMx 404 in 164ms (compile: 7ms, render: 157ms)
 GET /_next/webpack-hmr?id=Y3u-m_9O6YBH6ARA24dMx 404 in 279ms (compile: 13ms, render: 265ms)
 GET /_next/webpack-hmr?id=Y3u-m_9O6YBH6ARA24dMx 404 in 175ms (compile: 13ms, render: 162ms)
 GET /_next/webpack-hmr?id=Y3u-m_9O6YBH6ARA24dMx 404 in 356ms (compile: 8ms, render: 349ms)
 GET /_next/webpack-hmr?id=Y3u-m_9O6YBH6ARA24dMx 404 in 543ms (compile: 196ms, render: 347ms)
 GET /_next/webpack-hmr?id=Y3u-m_9O6YBH6ARA24dMx 404 in 361ms (compile: 38ms, render: 323ms)
 GET /_next/webpack-hmr?id=Y3u-m_9O6YBH6ARA24dMx 404 in 282ms (compile: 62ms, render: 219ms)
 GET /_next/webpack-hmr?id=Y3u-m_9O6YBH6ARA24dMx 404 in 232ms (compile: 60ms, render: 173ms)
 GET /_next/webpack-hmr?id=Y3u-m_9O6YBH6ARA24dMx 404 in 102ms (compile: 8ms, render: 94ms)
 GET /login 200 in 235ms (compile: 8ms, render: 227ms)
 GET /_next/webpack-hmr?id=WWgAPOYoI5gmMPcF1qa5t 404 in 153ms (compile: 47ms, render: 105ms)
 GET /_next/webpack-hmr?id=WWgAPOYoI5gmMPcF1qa5t 404 in 109ms (compile: 32ms, render: 77ms)
 GET /_next/webpack-hmr?id=WWgAPOYoI5gmMPcF1qa5t 404 in 109ms (compile: 18ms, render: 91ms)
[?25h
